0 info it worked if it ends with ok
1 verbose cli [ '/Users/james/.nvm/v0.10.31/bin/node',
1 verbose cli   '/Users/james/.nvm/v0.10.31/bin/npm',
1 verbose cli   'run',
1 verbose cli   'start:dev' ]
2 info using npm@1.4.23
3 info using node@v0.10.31
4 verbose run-script [ 'prestart:dev', 'start:dev', 'poststart:dev' ]
5 info prestart:dev pokemongo@1.0.0
6 info start:dev pokemongo@1.0.0
7 verbose unsafe-perm in lifecycle true
8 info pokemongo@1.0.0 Failed to exec start:dev script
9 error pokemongo@1.0.0 start:dev: `webpack-dev-server --hot --progress --colors`
9 error Exit status 127
10 error Failed at the pokemongo@1.0.0 start:dev script.
10 error This is most likely a problem with the pokemongo package,
10 error not with npm itself.
10 error Tell the author that this fails on your system:
10 error     webpack-dev-server --hot --progress --colors
10 error You can get their info via:
10 error     npm owner ls pokemongo
10 error There is likely additional logging output above.
11 error System Darwin 15.4.0
12 error command "/Users/james/.nvm/v0.10.31/bin/node" "/Users/james/.nvm/v0.10.31/bin/npm" "run" "start:dev"
13 error cwd /Users/james/work/pokemongo
14 error node -v v0.10.31
15 error npm -v 1.4.23
16 error code ELIFECYCLE
17 verbose exit [ 1, true ]
